<?xml version="1.0" encoding="UTF-8"?>
<!-- Generated by org.testng.reporters.JUnitReportReporter -->
<testsuite hostname="DESKTOP-Q25CNSK" failures="0" tests="1" name="com.org.MavenGroup.MavenArtifactID.Tests.TC_01_VerifyLogIn" time="34.707" errors="0" timestamp="2019-09-20T21:08:40 IST" skipped="0">
  <testcase classname="com.org.MavenGroup.MavenArtifactID.Tests.TC_01_VerifyLogIn" name="TC_01_LogIn" time="34.707"/>
</testsuite> <!-- com.org.MavenGroup.MavenArtifactID.Tests.TC_01_VerifyLogIn -->
