<?xml version="1.0" encoding="UTF-8"?>
<!-- Generated by org.testng.reporters.JUnitReportReporter -->
<testsuite hostname="DESKTOP-Q25CNSK" failures="0" tests="1" name="com.org.MavenGroup.MavenArtifactID.Tests.TC_02_VerifySearch" time="0.016" errors="0" timestamp="2019-09-20T19:58:39 IST" skipped="0">
  <testcase classname="com.org.MavenGroup.MavenArtifactID.Tests.TC_02_VerifySearch" name="TC_02_LogIn" time="0.016"/>
</testsuite> <!-- com.org.MavenGroup.MavenArtifactID.Tests.TC_02_VerifySearch -->
