<?xml version="1.0" encoding="UTF-8"?>
<!-- Generated by org.testng.reporters.JUnitReportReporter -->
<testsuite hostname="DESKTOP-Q25CNSK" failures="0" tests="10" name="com.org.MavenGroup.MavenArtifactID.Tests.SmokeTests" time="188.427" errors="0" timestamp="2019-12-23T16:01:50 IST" skipped="0">
  <testcase classname="com.org.MavenGroup.MavenArtifactID.Tests.SmokeTests" name="TC_01_LogIn" time="21.225"/>
  <testcase classname="com.org.MavenGroup.MavenArtifactID.Tests.SmokeTests" name="TC_02_Team_Request" time="28.850"/>
  <testcase classname="com.org.MavenGroup.MavenArtifactID.Tests.SmokeTests" name="TC_03_Approve_Request" time="9.571"/>
  <testcase classname="com.org.MavenGroup.MavenArtifactID.Tests.SmokeTests" name="TC_04_Search" time="18.050"/>
  <testcase classname="com.org.MavenGroup.MavenArtifactID.Tests.SmokeTests" name="TC_05_Mark_As_A_Favorite" time="10.279"/>
  <testcase classname="com.org.MavenGroup.MavenArtifactID.Tests.SmokeTests" name="TC_06_Save_Hub" time="28.387"/>
  <testcase classname="com.org.MavenGroup.MavenArtifactID.Tests.SmokeTests" name="TC_07_CheckHub_Data" time="19.081"/>
  <testcase classname="com.org.MavenGroup.MavenArtifactID.Tests.SmokeTests" name="TC_08_Send_NewsLetter" time="23.745"/>
  <testcase classname="com.org.MavenGroup.MavenArtifactID.Tests.SmokeTests" name="TC_09_Send_Feedback" time="10.249"/>
  <testcase classname="com.org.MavenGroup.MavenArtifactID.Tests.SmokeTests" name="TC_10_Check_NewsLetter" time="18.990"/>
</testsuite> <!-- com.org.MavenGroup.MavenArtifactID.Tests.SmokeTests -->
